ERROR - "z:\kbfltr\kbfiltr\sys" file time is slightly in the future (0x1db4b0012ccc94c (12/10/2024 12:36:02) vs. 0x1db4b0012c20c5a (12/10/2024 12:36:02)).

BUILD: Examining z:\kbfltr\kbfiltr\sys directory for files to compile.
oacr invalidate root:x86chk /autocleanqueue
1>Building generated files in z:\kbfltr\kbfiltr\sys *************
1>'nmake.exe /nologo BUILDMSG=Stop. -i BUILD_PASS=PASS0 NOLINK=1 PASS0ONLY=1 MAKEDIR_RELATIVE_TO_BASEDIR='
1>BUILDMSG: _NT_TARGET_VERSION SET TO WINXP
1> copy .\kbfiltr.inx z:\kbfltr\kbfiltr\sys\objchk_wxp_x86\i386\kbfiltr.inf
1>
1> stampinf -f z:\kbfltr\kbfiltr\sys\objchk_wxp_x86\i386\kbfiltr.inf -a x86 -k 1.9
1>Using version information from C:\WinDDK\7600.16385.0\inc\api\ntverp.h
1>Stamping z:\kbfltr\kbfiltr\sys\objchk_wxp_x86\i386\kbfiltr.inf [Version] section with DriverVer=12/10/2024,6.1.7600.16385
1>Compiling and Linking z:\kbfltr\kbfiltr\sys *************
1>'nmake.exe /nologo BUILDMSG=Stop. -i BUILD_PASS=PASS2 LINKONLY=1 NOPASS0=1 MAKEDIR_RELATIVE_TO_BASEDIR='
1>BUILDMSG: _NT_TARGET_VERSION SET TO WINXP
1> rc.exe -l 409 -DSXS_PROCESSOR_ARCHITECTURE="""x86"""  -DSXS_TARGET="""kbfiltr.sys"""   -DSYSTEM_COMPATIBLE_ASSEMBLY_NAME="""Microsoft.Windows.SystemCompatible"""  -DLSYSTEM_COMPATIBLE_ASSEMBLY_NAME=L"""Microsoft.Windows.SystemCompatible"""   -DSXS_ASSEMBLY_VERSION=""""""  /r /fo z:\kbfltr\kbfiltr\sys\objchk_wxp_x86\i386\kbfiltr.res /D_X86_=1 /Di386=1  /DSTD_CALL /DCONDITION_HANDLING=1 /DNT_UP=1  /DNT_INST=0 /DWIN32=100 /D_NT1X_=100 /DWINNT=1 /D_WIN32_WINNT=0x0501 /DWINVER=0x0501 /D_WIN32_IE=0x0603    /DWIN32_LEAN_AND_MEAN=1  /DDEVL=1 /DDBG=1 /D__BUILDMACHINE__=WinDDK /DFPO=0   /D_DLL=1 /DNDEBUG  /DDEPRECATE_DDK_FUNCTIONS=1 /DMSC_NOOPT /DNTDDI_VERSION=0x05010200   /Iz:\kbfltr\kbfiltr\sys\objchk_wxp_x86\i386 /IC:\WinDDK\7600.16385.0\inc\api /IC:\WinDDK\7600.16385.0\inc\api /IC:\WinDDK\7600.16385.0\inc\ddk /IC:\WinDDK\7600.16385.0\inc\ddk /IC:\WinDDK\7600.16385.0\inc\wdf\kmdf\1.9 /IC:\WinDDK\7600.16385.0\inc\crt .\kbfiltr.rc
1>Microsoft (R) Windows (R) Resource Compiler Version 6.1.6908.0
1>Copyright (C) Microsoft Corporation.  All rights reserved.
1> C:\WinDDK\7600.16385.0\Bin\x86\oacr\oacrcl @z:\kbfltr\kbfiltr\sys\objchk_wxp_x86\i386\cl.rsp
1>Microsoft (R) 32-bit C/C++ Optimizing Compiler Version 15.00.30729.207 for 80x86
1>Copyright (C) Microsoft Corporation.  All rights reserved.
1>cl /Fo"z:\kbfltr\kbfiltr\sys\objchk_wxp_x86\i386/"
1> /FC
1> /Ii386
1> /I.
1> /Iz:\kbfltr\kbfiltr\sys\objchk_wxp_x86\i386
1> /IC:\WinDDK\7600.16385.0\inc\api
1> /IC:\WinDDK\7600.16385.0\inc\api
1> /IC:\WinDDK\7600.16385.0\inc\ddk
1> /IC:\WinDDK\7600.16385.0\inc\ddk
1> /IC:\WinDDK\7600.16385.0\inc\wdf\kmdf\1.9
1> /IC:\WinDDK\7600.16385.0\inc\crt
1> /D_X86_=1
1> /Di386=1
1> /DSTD_CALL
1> /DCONDITION_HANDLING=1
1> /DNT_UP=1
1> /DNT_INST=0
1> /DWIN32=100
1> /D_NT1X_=100
1> /DWINNT=1
1> /D_WIN32_WINNT=0x0501
1> /DWINVER=0x0501
1> /D_WIN32_IE=0x0603
1> /DWIN32_LEAN_AND_MEAN=1
1> /DDEVL=1
1> /DDBG=1
1> /D__BUILDMACHINE__=WinDDK
1> /DFPO=0
1> /D_DLL=1
1> /DNDEBUG
1> /DDEPRECATE_DDK_FUNCTIONS=1
1> /DMSC_NOOPT
1> /DNTDDI_VERSION=0x05010200
1> /c
1> /Zc:wchar_t-
1> /Zl
1> /Zp8
1> /Gy
1> /Gm-
1> -cbstring
1> /W4
1> /Gz
1> /hotpatch
1> /EHs-c-
1> /GR-
1> /GF
1> /GS
1> /Zi
1> /Od
1> /Oi
1> /Oy-
1> /Zi
1> /Fdz:\kbfltr\kbfiltr\sys\objchk_wxp_x86\i386\
1> /DKMDF_MAJOR_VERSION=1
1> /DKMDF_MINOR_VERSION=9
1> /DKMDF_MAJOR_VERSION_STRING=01
1> /DKMDF_MINOR_VERSION_STRING=009
1> /wd4603
1> /wd4627
1> /typedil-
1> /FIC:\WinDDK\7600.16385.0\inc\api\warning.h
1> .\kbfiltr.c .\rawpdo.c 
1>kbfiltr.c
1>z:\kbfltr\kbfiltr\sys\kbfiltr.h(48) : warning C4005: 'MAX_KEY_MAPPINGS' : macro redefinition
1>warnings in directory z:\kbfltr\kbfiltr\sys
1>z:\kbfltr\kbfiltr\sys\kbfiltr.h(48) : warning C4005: 'MAX_KEY_MAPPINGS' : macro redefinition
1> z:\kbfltr\kbfiltr\sys\kbfiltr.h(23) : see previous definition of 'MAX_KEY_MAPPINGS'
1>z:\kbfltr\kbfiltr\sys\kbfiltr.c(139) : warning C4133: '=' : incompatible types - from 'WDF_POINTER_TYPE_RPDO_DEVICE_DATA' to 'PDEVICE_EXTENSION'
1>z:\kbfltr\kbfiltr\sys\kbfiltr.c(139) : warning C4133: '=' : incompatible types - from 'WDF_POINTER_TYPE_RPDO_DEVICE_DATA' to 'PDEVICE_EXTENSION'
1>rawpdo.c
1>z:\kbfltr\kbfiltr\sys\kbfiltr.h(48) : warning C4005: 'MAX_KEY_MAPPINGS' : macro redefinition
1>z:\kbfltr\kbfiltr\sys\kbfiltr.h(48) : warning C4005: 'MAX_KEY_MAPPINGS' : macro redefinition
1> z:\kbfltr\kbfiltr\sys\kbfiltr.h(23) : see previous definition of 'MAX_KEY_MAPPINGS'
1>Generating Code...
1> C:\WinDDK\7600.16385.0\Bin\x86\oacr\oacrlink /out:z:\kbfltr\kbfiltr\sys\objchk_wxp_x86\i386\kbfiltr.sys /machine:ix86 @z:\kbfltr\kbfiltr\sys\objchk_wxp_x86\i386\lnk.rsp
1>Microsoft (R) Incremental Linker Version 9.00.30729.207
1>Copyright (C) Microsoft Corporation.  All rights reserved.
1>/MERGE:_PAGE=PAGE 
1>/MERGE:_TEXT=.text 
1>/SECTION:INIT,d 
1>/OPT:REF 
1>/OPT:ICF 
1>/IGNORE:4198,4010,4037,4039,4065,4070,4078,4087,4089,4221 
1>/INCREMENTAL:NO 
1>/release 
1>/NODEFAULTLIB 
1>/WX 
1>/debug 
1>/debugtype:cv,fixup,pdata 
1>/version:6.1 
1>/osversion:6.1 
1>/functionpadmin:5 
1>/safeseh 
1>/pdbcompress 
1>/STACK:0x40000,0x1000 
1>/driver 
1>/base:0x10000 
1>/align:0x80 /stub:c:\winddk\7600.16385.0\lib\wxp\stub512.com 
1>/subsystem:native,5.01 
1>/entry:FxDriverEntry@8 
1>/out:z:\kbfltr\kbfiltr\sys\objchk_wxp_x86\i386\kbfiltr.sys 
1>z:\kbfltr\kbfiltr\sys\objchk_wxp_x86\i386\kbfiltr.res 
1>z:\kbfltr\kbfiltr\sys\objchk_wxp_x86\i386\kbfiltr.obj 
1>z:\kbfltr\kbfiltr\sys\objchk_wxp_x86\i386\rawpdo.obj 
1>c:\winddk\7600.16385.0\lib\wxp\i386\BufferOverflowK.lib 
1>c:\winddk\7600.16385.0\lib\wxp\i386\ntoskrnl.lib 
1>c:\winddk\7600.16385.0\lib\wxp\i386\hal.lib 
1>c:\winddk\7600.16385.0\lib\wxp\i386\wmilib.lib 
1>C:\WinDDK\7600.16385.0\lib\wdf\kmdf\i386\1.9\WdfLdr.lib 
1>C:\WinDDK\7600.16385.0\lib\wdf\kmdf\i386\1.9\WdfDriverEntry.lib 
1>c:\winddk\7600.16385.0\lib\wxp\i386\wdmsec.lib 
1>c:\winddk\7600.16385.0\lib\wxp\i386\ntstrsafe.lib 
1>c:\winddk\7600.16385.0\lib\wxp\i386\rtlver.lib 
1>c:\winddk\7600.16385.0\lib\wxp\i386\sehupd.lib 
